<?xml version="1.0" encoding="UTF-8"?>
<!-- Generated by org.testng.reporters.JUnitReportReporter -->
<testsuite hostname="P-Rroozbehani" failures="0" tests="2" name="rightel.ocs.scripts.login" time="2.965" errors="0" timestamp="2024-04-23T17:55:43 GMT+03:30" skipped="0">
  <testcase classname="rightel.ocs.scripts.login" name="PermissionTS1" time="2.962"/>
  <testcase classname="rightel.ocs.scripts.login" name="f" time="0.003"/>
</testsuite> <!-- rightel.ocs.scripts.login -->
