<?xml version="1.0" encoding="UTF-8"?>
<!-- Generated by org.testng.reporters.JUnitReportReporter -->
<testsuite hostname="P-Rroozbehani" failures="0" tests="10" name="rightel.ocs.scripts.ocsScripts" time="0.932" errors="0" timestamp="2024-08-20T11:18:03 GMT+03:30" skipped="9">
  <testcase classname="rightel.ocs.scripts.ocsScripts" name="TC_DataUsage" time="0.932"/>
  <testcase classname="rightel.ocs.scripts.ocsScripts" name="TC_VoiceUsage">
    <skipped/>
  </testcase> <!-- TC_VoiceUsage -->
  <testcase classname="rightel.ocs.scripts.ocsScripts" name="TC_EditPermission">
    <skipped/>
  </testcase> <!-- TC_EditPermission -->
  <testcase classname="rightel.ocs.scripts.ocsScripts" name="runQuery">
    <skipped/>
  </testcase> <!-- runQuery -->
  <testcase classname="rightel.ocs.scripts.ocsScripts" name="TC_VoiceCall">
    <skipped/>
  </testcase> <!-- TC_VoiceCall -->
  <testcase classname="rightel.ocs.scripts.ocsScripts" name="TC_searchRatingEventPrice">
    <skipped/>
  </testcase> <!-- TC_searchRatingEventPrice -->
  <testcase classname="rightel.ocs.scripts.ocsScripts" name="TC_AddPermission">
    <skipped/>
  </testcase> <!-- TC_AddPermission -->
  <testcase classname="rightel.ocs.scripts.ocsScripts" name="clearCacheTC">
    <skipped/>
  </testcase> <!-- clearCacheTC -->
  <testcase classname="rightel.ocs.scripts.ocsScripts" name="OfflineRequests">
    <skipped/>
  </testcase> <!-- OfflineRequests -->
  <testcase classname="rightel.ocs.scripts.ocsScripts" name="TC_DeletePermission">
    <skipped/>
  </testcase> <!-- TC_DeletePermission -->
</testsuite> <!-- rightel.ocs.scripts.ocsScripts -->
